{"/media/pavel/A490E14090E11996/www/A-Level/diplom/server/app.js": {"path":"/media/pavel/A490E14090E11996/www/A-Level/diplom/server/app.js","statementMap":{"0":{"start":{"line":1,"column":19},"end":{"line":1,"column":48}},"1":{"start":{"line":2,"column":17},"end":{"line":2,"column":36}},"2":{"start":{"line":3,"column":16},"end":{"line":3,"column":34}},"3":{"start":{"line":4,"column":13},"end":{"line":4,"column":28}},"4":{"start":{"line":5,"column":13},"end":{"line":5,"column":28}},"5":{"start":{"line":7,"column":13},"end":{"line":7,"column":45}},"6":{"start":{"line":8,"column":14},"end":{"line":8,"column":47}},"7":{"start":{"line":9,"column":20},"end":{"line":9,"column":58}},"8":{"start":{"line":11,"column":0},"end":{"line":22,"column":3}},"9":{"start":{"line":18,"column":8},"end":{"line":18,"column":40}},"10":{"start":{"line":18,"column":16},"end":{"line":18,"column":40}},"11":{"start":{"line":24,"column":12},"end":{"line":24,"column":21}},"12":{"start":{"line":26,"column":0},"end":{"line":26,"column":22}},"13":{"start":{"line":27,"column":0},"end":{"line":27,"column":24}},"14":{"start":{"line":29,"column":20},"end":{"line":31,"column":1}},"15":{"start":{"line":33,"column":0},"end":{"line":33,"column":27}},"16":{"start":{"line":35,"column":0},"end":{"line":41,"column":2}},"17":{"start":{"line":39,"column":8},"end":{"line":39,"column":15}},"18":{"start":{"line":43,"column":0},"end":{"line":43,"column":23}},"19":{"start":{"line":44,"column":0},"end":{"line":44,"column":25}},"20":{"start":{"line":45,"column":0},"end":{"line":45,"column":37}},"21":{"start":{"line":47,"column":0},"end":{"line":47,"column":21}}},"fnMap":{"0":{"name":"(anonymous_0)","decl":{"start":{"line":17,"column":4},"end":{"line":17,"column":5}},"loc":{"start":{"line":17,"column":17},"end":{"line":22,"column":1}},"line":17},"1":{"name":"(anonymous_1)","decl":{"start":{"line":36,"column":4},"end":{"line":36,"column":5}},"loc":{"start":{"line":36,"column":22},"end":{"line":40,"column":5}},"line":36}},"branchMap":{"0":{"loc":{"start":{"line":18,"column":8},"end":{"line":18,"column":40}},"type":"if","locations":[{"start":{"line":18,"column":8},"end":{"line":18,"column":40}},{"start":{"line":18,"column":8},"end":{"line":18,"column":40}}],"line":18}},"s":{"0":1,"1":1,"2":1,"3":1,"4":1,"5":1,"6":1,"7":1,"8":1,"9":1,"10":0,"11":1,"12":1,"13":1,"14":1,"15":1,"16":1,"17":8,"18":1,"19":1,"20":1,"21":1},"f":{"0":1,"1":8},"b":{"0":[0,1]},"_coverageSchema":"1a1c01bbd47fc00a2c39e90264f33305004495a9","hash":"5e1b6461b898111d0d104047b4a77ed396ecc297"}
,"/media/pavel/A490E14090E11996/www/A-Level/diplom/server/modules/verify.js": {"path":"/media/pavel/A490E14090E11996/www/A-Level/diplom/server/modules/verify.js","statementMap":{"0":{"start":{"line":1,"column":17},"end":{"line":1,"column":46}},"1":{"start":{"line":3,"column":12},"end":{"line":3,"column":35}},"2":{"start":{"line":4,"column":15},"end":{"line":4,"column":33}},"3":{"start":{"line":6,"column":19},"end":{"line":15,"column":1}},"4":{"start":{"line":8,"column":17},"end":{"line":8,"column":42}},"5":{"start":{"line":10,"column":2},"end":{"line":14,"column":8}},"6":{"start":{"line":12,"column":8},"end":{"line":12,"column":48}},"7":{"start":{"line":12,"column":18},"end":{"line":12,"column":48}},"8":{"start":{"line":13,"column":8},"end":{"line":13,"column":20}},"9":{"start":{"line":17,"column":20},"end":{"line":26,"column":1}},"10":{"start":{"line":19,"column":18},"end":{"line":19,"column":43}},"11":{"start":{"line":21,"column":4},"end":{"line":25,"column":8}},"12":{"start":{"line":23,"column":10},"end":{"line":23,"column":71}},"13":{"start":{"line":23,"column":37},"end":{"line":23,"column":71}},"14":{"start":{"line":24,"column":10},"end":{"line":24,"column":22}},"15":{"start":{"line":28,"column":0},"end":{"line":28,"column":45}}},"fnMap":{"0":{"name":"(anonymous_0)","decl":{"start":{"line":6,"column":19},"end":{"line":6,"column":20}},"loc":{"start":{"line":6,"column":28},"end":{"line":15,"column":1}},"line":6},"1":{"name":"(anonymous_1)","decl":{"start":{"line":11,"column":12},"end":{"line":11,"column":13}},"loc":{"start":{"line":11,"column":20},"end":{"line":14,"column":7}},"line":11},"2":{"name":"(anonymous_2)","decl":{"start":{"line":17,"column":20},"end":{"line":17,"column":21}},"loc":{"start":{"line":17,"column":29},"end":{"line":26,"column":1}},"line":17},"3":{"name":"(anonymous_3)","decl":{"start":{"line":22,"column":14},"end":{"line":22,"column":15}},"loc":{"start":{"line":22,"column":22},"end":{"line":25,"column":7}},"line":22}},"branchMap":{"0":{"loc":{"start":{"line":12,"column":8},"end":{"line":12,"column":48}},"type":"if","locations":[{"start":{"line":12,"column":8},"end":{"line":12,"column":48}},{"start":{"line":12,"column":8},"end":{"line":12,"column":48}}],"line":12},"1":{"loc":{"start":{"line":23,"column":10},"end":{"line":23,"column":71}},"type":"if","locations":[{"start":{"line":23,"column":10},"end":{"line":23,"column":71}},{"start":{"line":23,"column":10},"end":{"line":23,"column":71}}],"line":23},"2":{"loc":{"start":{"line":23,"column":13},"end":{"line":23,"column":35}},"type":"binary-expr","locations":[{"start":{"line":23,"column":13},"end":{"line":23,"column":18}},{"start":{"line":23,"column":22},"end":{"line":23,"column":35}}],"line":23}},"s":{"0":1,"1":1,"2":1,"3":1,"4":0,"5":0,"6":0,"7":0,"8":0,"9":1,"10":0,"11":0,"12":0,"13":0,"14":0,"15":1},"f":{"0":0,"1":0,"2":0,"3":0},"b":{"0":[0,0],"1":[0,0],"2":[0,0]},"_coverageSchema":"1a1c01bbd47fc00a2c39e90264f33305004495a9","hash":"45d17a77a4336f3ee570e3f6e8c0fcf47bd70d6f"}
,"/media/pavel/A490E14090E11996/www/A-Level/diplom/server/modules/cars/carScheme.js": {"path":"/media/pavel/A490E14090E11996/www/A-Level/diplom/server/modules/cars/carScheme.js","statementMap":{"0":{"start":{"line":1,"column":17},"end":{"line":1,"column":36}},"1":{"start":{"line":3,"column":15},"end":{"line":3,"column":30}},"2":{"start":{"line":5,"column":18},"end":{"line":26,"column":23}},"3":{"start":{"line":28,"column":12},"end":{"line":28,"column":44}},"4":{"start":{"line":29,"column":15},"end":{"line":29,"column":56}},"5":{"start":{"line":31,"column":0},"end":{"line":31,"column":33}}},"fnMap":{},"branchMap":{},"s":{"0":1,"1":1,"2":1,"3":1,"4":1,"5":1},"f":{},"b":{},"_coverageSchema":"1a1c01bbd47fc00a2c39e90264f33305004495a9","hash":"3acbee3f24d312e957f2ba4a02ec11fae1d11f80"}
,"/media/pavel/A490E14090E11996/www/A-Level/diplom/server/modules/cars/controller.js": {"path":"/media/pavel/A490E14090E11996/www/A-Level/diplom/server/modules/cars/controller.js","statementMap":{"0":{"start":{"line":12,"column":4},"end":{"line":12,"column":23}},"1":{"start":{"line":14,"column":17},"end":{"line":14,"column":43}},"2":{"start":{"line":15,"column":36},"end":{"line":15,"column":56}},"3":{"start":{"line":20,"column":21},"end":{"line":20,"column":24}},"4":{"start":{"line":21,"column":4},"end":{"line":28,"column":5}},"5":{"start":{"line":22,"column":19},"end":{"line":22,"column":39}},"6":{"start":{"line":24,"column":6},"end":{"line":24,"column":44}},"7":{"start":{"line":24,"column":33},"end":{"line":24,"column":44}},"8":{"start":{"line":25,"column":6},"end":{"line":25,"column":21}},"9":{"start":{"line":27,"column":6},"end":{"line":27,"column":53}},"10":{"start":{"line":32,"column":21},"end":{"line":32,"column":24}},"11":{"start":{"line":33,"column":30},"end":{"line":33,"column":41}},"12":{"start":{"line":34,"column":19},"end":{"line":34,"column":29}},"13":{"start":{"line":36,"column":4},"end":{"line":39,"column":5}},"14":{"start":{"line":37,"column":6},"end":{"line":37,"column":64}},"15":{"start":{"line":38,"column":6},"end":{"line":38,"column":13}},"16":{"start":{"line":41,"column":4},"end":{"line":50,"column":5}},"17":{"start":{"line":42,"column":6},"end":{"line":42,"column":38}},"18":{"start":{"line":44,"column":21},"end":{"line":44,"column":65}},"19":{"start":{"line":46,"column":6},"end":{"line":46,"column":48}},"20":{"start":{"line":46,"column":35},"end":{"line":46,"column":48}},"21":{"start":{"line":47,"column":6},"end":{"line":47,"column":23}},"22":{"start":{"line":49,"column":6},"end":{"line":49,"column":53}},"23":{"start":{"line":54,"column":21},"end":{"line":54,"column":24}},"24":{"start":{"line":55,"column":30},"end":{"line":55,"column":41}},"25":{"start":{"line":56,"column":19},"end":{"line":56,"column":29}},"26":{"start":{"line":58,"column":4},"end":{"line":61,"column":5}},"27":{"start":{"line":59,"column":6},"end":{"line":59,"column":64}},"28":{"start":{"line":60,"column":6},"end":{"line":60,"column":13}},"29":{"start":{"line":63,"column":4},"end":{"line":72,"column":5}},"30":{"start":{"line":64,"column":6},"end":{"line":64,"column":38}},"31":{"start":{"line":66,"column":21},"end":{"line":66,"column":61}},"32":{"start":{"line":68,"column":6},"end":{"line":68,"column":48}},"33":{"start":{"line":68,"column":35},"end":{"line":68,"column":48}},"34":{"start":{"line":69,"column":6},"end":{"line":69,"column":23}},"35":{"start":{"line":71,"column":6},"end":{"line":71,"column":53}},"36":{"start":{"line":76,"column":19},"end":{"line":76,"column":29}},"37":{"start":{"line":77,"column":30},"end":{"line":77,"column":41}},"38":{"start":{"line":78,"column":21},"end":{"line":78,"column":24}},"39":{"start":{"line":80,"column":4},"end":{"line":83,"column":5}},"40":{"start":{"line":81,"column":6},"end":{"line":81,"column":64}},"41":{"start":{"line":82,"column":6},"end":{"line":82,"column":13}},"42":{"start":{"line":85,"column":4},"end":{"line":93,"column":5}},"43":{"start":{"line":86,"column":6},"end":{"line":86,"column":39}},"44":{"start":{"line":87,"column":21},"end":{"line":87,"column":51}},"45":{"start":{"line":89,"column":6},"end":{"line":89,"column":48}},"46":{"start":{"line":89,"column":35},"end":{"line":89,"column":48}},"47":{"start":{"line":90,"column":6},"end":{"line":90,"column":23}},"48":{"start":{"line":92,"column":6},"end":{"line":92,"column":53}},"49":{"start":{"line":97,"column":19},"end":{"line":97,"column":29}},"50":{"start":{"line":98,"column":30},"end":{"line":98,"column":41}},"51":{"start":{"line":100,"column":4},"end":{"line":103,"column":5}},"52":{"start":{"line":101,"column":6},"end":{"line":101,"column":64}},"53":{"start":{"line":102,"column":6},"end":{"line":102,"column":13}},"54":{"start":{"line":105,"column":4},"end":{"line":113,"column":5}},"55":{"start":{"line":106,"column":6},"end":{"line":106,"column":39}},"56":{"start":{"line":107,"column":21},"end":{"line":107,"column":45}},"57":{"start":{"line":109,"column":6},"end":{"line":109,"column":48}},"58":{"start":{"line":109,"column":35},"end":{"line":109,"column":48}},"59":{"start":{"line":110,"column":6},"end":{"line":110,"column":23}},"60":{"start":{"line":112,"column":6},"end":{"line":112,"column":53}},"61":{"start":{"line":118,"column":22},"end":{"line":118,"column":25}},"62":{"start":{"line":119,"column":30},"end":{"line":119,"column":41}},"63":{"start":{"line":120,"column":19},"end":{"line":120,"column":29}},"64":{"start":{"line":122,"column":4},"end":{"line":125,"column":5}},"65":{"start":{"line":123,"column":6},"end":{"line":123,"column":64}},"66":{"start":{"line":124,"column":6},"end":{"line":124,"column":13}},"67":{"start":{"line":127,"column":4},"end":{"line":129,"column":5}},"68":{"start":{"line":128,"column":6},"end":{"line":128,"column":61}},"69":{"start":{"line":131,"column":4},"end":{"line":139,"column":5}},"70":{"start":{"line":132,"column":6},"end":{"line":132,"column":38}},"71":{"start":{"line":133,"column":21},"end":{"line":133,"column":52}},"72":{"start":{"line":135,"column":6},"end":{"line":135,"column":48}},"73":{"start":{"line":135,"column":35},"end":{"line":135,"column":48}},"74":{"start":{"line":136,"column":6},"end":{"line":136,"column":23}},"75":{"start":{"line":138,"column":6},"end":{"line":138,"column":53}},"76":{"start":{"line":143,"column":30},"end":{"line":143,"column":41}},"77":{"start":{"line":145,"column":4},"end":{"line":148,"column":5}},"78":{"start":{"line":146,"column":6},"end":{"line":146,"column":64}},"79":{"start":{"line":147,"column":6},"end":{"line":147,"column":13}},"80":{"start":{"line":150,"column":4},"end":{"line":159,"column":5}},"81":{"start":{"line":151,"column":6},"end":{"line":151,"column":39}},"82":{"start":{"line":153,"column":19},"end":{"line":153,"column":34}},"83":{"start":{"line":155,"column":6},"end":{"line":155,"column":44}},"84":{"start":{"line":155,"column":33},"end":{"line":155,"column":44}},"85":{"start":{"line":156,"column":6},"end":{"line":156,"column":21}},"86":{"start":{"line":158,"column":6},"end":{"line":158,"column":53}},"87":{"start":{"line":163,"column":21},"end":{"line":163,"column":24}},"88":{"start":{"line":164,"column":30},"end":{"line":164,"column":41}},"89":{"start":{"line":166,"column":4},"end":{"line":169,"column":5}},"90":{"start":{"line":167,"column":6},"end":{"line":167,"column":64}},"91":{"start":{"line":168,"column":6},"end":{"line":168,"column":13}},"92":{"start":{"line":170,"column":4},"end":{"line":173,"column":5}},"93":{"start":{"line":171,"column":6},"end":{"line":171,"column":65}},"94":{"start":{"line":172,"column":6},"end":{"line":172,"column":13}},"95":{"start":{"line":175,"column":4},"end":{"line":183,"column":5}},"96":{"start":{"line":176,"column":19},"end":{"line":176,"column":50}},"97":{"start":{"line":177,"column":19},"end":{"line":177,"column":52}},"98":{"start":{"line":179,"column":6},"end":{"line":179,"column":44}},"99":{"start":{"line":179,"column":33},"end":{"line":179,"column":44}},"100":{"start":{"line":180,"column":6},"end":{"line":180,"column":21}},"101":{"start":{"line":182,"column":6},"end":{"line":182,"column":53}},"102":{"start":{"line":187,"column":19},"end":{"line":187,"column":29}},"103":{"start":{"line":188,"column":30},"end":{"line":188,"column":41}},"104":{"start":{"line":190,"column":4},"end":{"line":193,"column":5}},"105":{"start":{"line":191,"column":6},"end":{"line":191,"column":64}},"106":{"start":{"line":192,"column":6},"end":{"line":192,"column":13}},"107":{"start":{"line":195,"column":4},"end":{"line":203,"column":5}},"108":{"start":{"line":196,"column":6},"end":{"line":196,"column":38}},"109":{"start":{"line":197,"column":19},"end":{"line":197,"column":39}},"110":{"start":{"line":199,"column":6},"end":{"line":199,"column":44}},"111":{"start":{"line":199,"column":33},"end":{"line":199,"column":44}},"112":{"start":{"line":200,"column":6},"end":{"line":200,"column":21}},"113":{"start":{"line":202,"column":6},"end":{"line":202,"column":53}},"114":{"start":{"line":207,"column":19},"end":{"line":207,"column":29}},"115":{"start":{"line":208,"column":21},"end":{"line":208,"column":24}},"116":{"start":{"line":209,"column":30},"end":{"line":209,"column":41}},"117":{"start":{"line":211,"column":4},"end":{"line":214,"column":5}},"118":{"start":{"line":212,"column":6},"end":{"line":212,"column":64}},"119":{"start":{"line":213,"column":6},"end":{"line":213,"column":13}},"120":{"start":{"line":225,"column":4},"end":{"line":232,"column":5}},"121":{"start":{"line":226,"column":6},"end":{"line":226,"column":38}},"122":{"start":{"line":227,"column":18},"end":{"line":227,"column":43}},"123":{"start":{"line":228,"column":6},"end":{"line":228,"column":42}},"124":{"start":{"line":228,"column":32},"end":{"line":228,"column":42}},"125":{"start":{"line":229,"column":6},"end":{"line":229,"column":20}},"126":{"start":{"line":231,"column":6},"end":{"line":231,"column":53}},"127":{"start":{"line":236,"column":0},"end":{"line":236,"column":34}}},"fnMap":{"0":{"name":"(anonymous_0)","decl":{"start":{"line":19,"column":2},"end":{"line":19,"column":3}},"loc":{"start":{"line":19,"column":27},"end":{"line":29,"column":3}},"line":19},"1":{"name":"(anonymous_1)","decl":{"start":{"line":31,"column":2},"end":{"line":31,"column":3}},"loc":{"start":{"line":31,"column":31},"end":{"line":51,"column":3}},"line":31},"2":{"name":"(anonymous_2)","decl":{"start":{"line":53,"column":2},"end":{"line":53,"column":3}},"loc":{"start":{"line":53,"column":27},"end":{"line":73,"column":3}},"line":53},"3":{"name":"(anonymous_3)","decl":{"start":{"line":75,"column":2},"end":{"line":75,"column":3}},"loc":{"start":{"line":75,"column":32},"end":{"line":94,"column":3}},"line":75},"4":{"name":"(anonymous_4)","decl":{"start":{"line":96,"column":2},"end":{"line":96,"column":3}},"loc":{"start":{"line":96,"column":32},"end":{"line":114,"column":3}},"line":96},"5":{"name":"(anonymous_5)","decl":{"start":{"line":116,"column":2},"end":{"line":116,"column":3}},"loc":{"start":{"line":116,"column":32},"end":{"line":140,"column":3}},"line":116},"6":{"name":"(anonymous_6)","decl":{"start":{"line":142,"column":2},"end":{"line":142,"column":3}},"loc":{"start":{"line":142,"column":26},"end":{"line":160,"column":3}},"line":142},"7":{"name":"(anonymous_7)","decl":{"start":{"line":162,"column":2},"end":{"line":162,"column":3}},"loc":{"start":{"line":162,"column":30},"end":{"line":184,"column":3}},"line":162},"8":{"name":"(anonymous_8)","decl":{"start":{"line":186,"column":2},"end":{"line":186,"column":3}},"loc":{"start":{"line":186,"column":29},"end":{"line":204,"column":3}},"line":186},"9":{"name":"(anonymous_9)","decl":{"start":{"line":206,"column":2},"end":{"line":206,"column":3}},"loc":{"start":{"line":206,"column":28},"end":{"line":233,"column":3}},"line":206}},"branchMap":{"0":{"loc":{"start":{"line":24,"column":6},"end":{"line":24,"column":44}},"type":"if","locations":[{"start":{"line":24,"column":6},"end":{"line":24,"column":44}},{"start":{"line":24,"column":6},"end":{"line":24,"column":44}}],"line":24},"1":{"loc":{"start":{"line":36,"column":4},"end":{"line":39,"column":5}},"type":"if","locations":[{"start":{"line":36,"column":4},"end":{"line":39,"column":5}},{"start":{"line":36,"column":4},"end":{"line":39,"column":5}}],"line":36},"2":{"loc":{"start":{"line":46,"column":6},"end":{"line":46,"column":48}},"type":"if","locations":[{"start":{"line":46,"column":6},"end":{"line":46,"column":48}},{"start":{"line":46,"column":6},"end":{"line":46,"column":48}}],"line":46},"3":{"loc":{"start":{"line":58,"column":4},"end":{"line":61,"column":5}},"type":"if","locations":[{"start":{"line":58,"column":4},"end":{"line":61,"column":5}},{"start":{"line":58,"column":4},"end":{"line":61,"column":5}}],"line":58},"4":{"loc":{"start":{"line":68,"column":6},"end":{"line":68,"column":48}},"type":"if","locations":[{"start":{"line":68,"column":6},"end":{"line":68,"column":48}},{"start":{"line":68,"column":6},"end":{"line":68,"column":48}}],"line":68},"5":{"loc":{"start":{"line":80,"column":4},"end":{"line":83,"column":5}},"type":"if","locations":[{"start":{"line":80,"column":4},"end":{"line":83,"column":5}},{"start":{"line":80,"column":4},"end":{"line":83,"column":5}}],"line":80},"6":{"loc":{"start":{"line":89,"column":6},"end":{"line":89,"column":48}},"type":"if","locations":[{"start":{"line":89,"column":6},"end":{"line":89,"column":48}},{"start":{"line":89,"column":6},"end":{"line":89,"column":48}}],"line":89},"7":{"loc":{"start":{"line":100,"column":4},"end":{"line":103,"column":5}},"type":"if","locations":[{"start":{"line":100,"column":4},"end":{"line":103,"column":5}},{"start":{"line":100,"column":4},"end":{"line":103,"column":5}}],"line":100},"8":{"loc":{"start":{"line":109,"column":6},"end":{"line":109,"column":48}},"type":"if","locations":[{"start":{"line":109,"column":6},"end":{"line":109,"column":48}},{"start":{"line":109,"column":6},"end":{"line":109,"column":48}}],"line":109},"9":{"loc":{"start":{"line":122,"column":4},"end":{"line":125,"column":5}},"type":"if","locations":[{"start":{"line":122,"column":4},"end":{"line":125,"column":5}},{"start":{"line":122,"column":4},"end":{"line":125,"column":5}}],"line":122},"10":{"loc":{"start":{"line":127,"column":4},"end":{"line":129,"column":5}},"type":"if","locations":[{"start":{"line":127,"column":4},"end":{"line":129,"column":5}},{"start":{"line":127,"column":4},"end":{"line":129,"column":5}}],"line":127},"11":{"loc":{"start":{"line":127,"column":8},"end":{"line":127,"column":49}},"type":"binary-expr","locations":[{"start":{"line":127,"column":8},"end":{"line":127,"column":14}},{"start":{"line":127,"column":18},"end":{"line":127,"column":49}}],"line":127},"12":{"loc":{"start":{"line":135,"column":6},"end":{"line":135,"column":48}},"type":"if","locations":[{"start":{"line":135,"column":6},"end":{"line":135,"column":48}},{"start":{"line":135,"column":6},"end":{"line":135,"column":48}}],"line":135},"13":{"loc":{"start":{"line":145,"column":4},"end":{"line":148,"column":5}},"type":"if","locations":[{"start":{"line":145,"column":4},"end":{"line":148,"column":5}},{"start":{"line":145,"column":4},"end":{"line":148,"column":5}}],"line":145},"14":{"loc":{"start":{"line":155,"column":6},"end":{"line":155,"column":44}},"type":"if","locations":[{"start":{"line":155,"column":6},"end":{"line":155,"column":44}},{"start":{"line":155,"column":6},"end":{"line":155,"column":44}}],"line":155},"15":{"loc":{"start":{"line":166,"column":4},"end":{"line":169,"column":5}},"type":"if","locations":[{"start":{"line":166,"column":4},"end":{"line":169,"column":5}},{"start":{"line":166,"column":4},"end":{"line":169,"column":5}}],"line":166},"16":{"loc":{"start":{"line":170,"column":4},"end":{"line":173,"column":5}},"type":"if","locations":[{"start":{"line":170,"column":4},"end":{"line":173,"column":5}},{"start":{"line":170,"column":4},"end":{"line":173,"column":5}}],"line":170},"17":{"loc":{"start":{"line":170,"column":8},"end":{"line":170,"column":41}},"type":"binary-expr","locations":[{"start":{"line":170,"column":8},"end":{"line":170,"column":19}},{"start":{"line":170,"column":23},"end":{"line":170,"column":41}}],"line":170},"18":{"loc":{"start":{"line":179,"column":6},"end":{"line":179,"column":44}},"type":"if","locations":[{"start":{"line":179,"column":6},"end":{"line":179,"column":44}},{"start":{"line":179,"column":6},"end":{"line":179,"column":44}}],"line":179},"19":{"loc":{"start":{"line":190,"column":4},"end":{"line":193,"column":5}},"type":"if","locations":[{"start":{"line":190,"column":4},"end":{"line":193,"column":5}},{"start":{"line":190,"column":4},"end":{"line":193,"column":5}}],"line":190},"20":{"loc":{"start":{"line":199,"column":6},"end":{"line":199,"column":44}},"type":"if","locations":[{"start":{"line":199,"column":6},"end":{"line":199,"column":44}},{"start":{"line":199,"column":6},"end":{"line":199,"column":44}}],"line":199},"21":{"loc":{"start":{"line":211,"column":4},"end":{"line":214,"column":5}},"type":"if","locations":[{"start":{"line":211,"column":4},"end":{"line":214,"column":5}},{"start":{"line":211,"column":4},"end":{"line":214,"column":5}}],"line":211},"22":{"loc":{"start":{"line":228,"column":6},"end":{"line":228,"column":42}},"type":"if","locations":[{"start":{"line":228,"column":6},"end":{"line":228,"column":42}},{"start":{"line":228,"column":6},"end":{"line":228,"column":42}}],"line":228}},"s":{"0":1,"1":1,"2":1,"3":0,"4":0,"5":0,"6":0,"7":0,"8":0,"9":0,"10":0,"11":0,"12":0,"13":0,"14":0,"15":0,"16":0,"17":0,"18":0,"19":0,"20":0,"21":0,"22":0,"23":0,"24":0,"25":0,"26":0,"27":0,"28":0,"29":0,"30":0,"31":0,"32":0,"33":0,"34":0,"35":0,"36":0,"37":0,"38":0,"39":0,"40":0,"41":0,"42":0,"43":0,"44":0,"45":0,"46":0,"47":0,"48":0,"49":0,"50":0,"51":0,"52":0,"53":0,"54":0,"55":0,"56":0,"57":0,"58":0,"59":0,"60":0,"61":0,"62":0,"63":0,"64":0,"65":0,"66":0,"67":0,"68":0,"69":0,"70":0,"71":0,"72":0,"73":0,"74":0,"75":0,"76":0,"77":0,"78":0,"79":0,"80":0,"81":0,"82":0,"83":0,"84":0,"85":0,"86":0,"87":0,"88":0,"89":0,"90":0,"91":0,"92":0,"93":0,"94":0,"95":0,"96":0,"97":0,"98":0,"99":0,"100":0,"101":0,"102":0,"103":0,"104":0,"105":0,"106":0,"107":0,"108":0,"109":0,"110":0,"111":0,"112":0,"113":0,"114":0,"115":0,"116":0,"117":0,"118":0,"119":0,"120":0,"121":0,"122":0,"123":0,"124":0,"125":0,"126":0,"127":1},"f":{"0":0,"1":0,"2":0,"3":0,"4":0,"5":0,"6":0,"7":0,"8":0,"9":0},"b":{"0":[0,0],"1":[0,0],"2":[0,0],"3":[0,0],"4":[0,0],"5":[0,0],"6":[0,0],"7":[0,0],"8":[0,0],"9":[0,0],"10":[0,0],"11":[0,0],"12":[0,0],"13":[0,0],"14":[0,0],"15":[0,0],"16":[0,0],"17":[0,0],"18":[0,0],"19":[0,0],"20":[0,0],"21":[0,0],"22":[0,0]},"_coverageSchema":"1a1c01bbd47fc00a2c39e90264f33305004495a9","hash":"9e70ab96495cafd418f646260e8638043ec01257"}
,"/media/pavel/A490E14090E11996/www/A-Level/diplom/server/modules/cars/models.js": {"path":"/media/pavel/A490E14090E11996/www/A-Level/diplom/server/modules/cars/models.js","statementMap":{"0":{"start":{"line":1,"column":40},"end":{"line":1,"column":62}},"1":{"start":{"line":2,"column":17},"end":{"line":2,"column":36}},"2":{"start":{"line":4,"column":17},"end":{"line":4,"column":36}},"3":{"start":{"line":5,"column":12},"end":{"line":5,"column":35}},"4":{"start":{"line":7,"column":24},"end":{"line":7,"column":46}},"5":{"start":{"line":8,"column":17},"end":{"line":8,"column":47}},"6":{"start":{"line":9,"column":27},"end":{"line":9,"column":58}},"7":{"start":{"line":11,"column":15},"end":{"line":11,"column":33}},"8":{"start":{"line":13,"column":22},"end":{"line":16,"column":17}},"9":{"start":{"line":18,"column":18},"end":{"line":21,"column":21}},"10":{"start":{"line":27,"column":24},"end":{"line":27,"column":47}},"11":{"start":{"line":29,"column":8},"end":{"line":29,"column":29}},"12":{"start":{"line":30,"column":8},"end":{"line":30,"column":30}},"13":{"start":{"line":31,"column":8},"end":{"line":31,"column":28}},"14":{"start":{"line":32,"column":8},"end":{"line":32,"column":33}},"15":{"start":{"line":34,"column":8},"end":{"line":52,"column":15}},"16":{"start":{"line":46,"column":16},"end":{"line":47,"column":68}},"17":{"start":{"line":47,"column":39},"end":{"line":47,"column":60}},"18":{"start":{"line":51,"column":16},"end":{"line":51,"column":27}},"19":{"start":{"line":57,"column":8},"end":{"line":98,"column":15}},"20":{"start":{"line":60,"column":16},"end":{"line":60,"column":61}},"21":{"start":{"line":62,"column":16},"end":{"line":74,"column":17}},"22":{"start":{"line":63,"column":20},"end":{"line":64,"column":80}},"23":{"start":{"line":66,"column":37},"end":{"line":66,"column":85}},"24":{"start":{"line":68,"column":20},"end":{"line":73,"column":27}},"25":{"start":{"line":72,"column":28},"end":{"line":72,"column":48}},"26":{"start":{"line":72,"column":37},"end":{"line":72,"column":48}},"27":{"start":{"line":76,"column":31},"end":{"line":76,"column":54}},"28":{"start":{"line":78,"column":16},"end":{"line":97,"column":23}},"29":{"start":{"line":80,"column":24},"end":{"line":80,"column":72}},"30":{"start":{"line":83,"column":24},"end":{"line":96,"column":72}},"31":{"start":{"line":86,"column":39},"end":{"line":86,"column":55}},"32":{"start":{"line":87,"column":28},"end":{"line":87,"column":47}},"33":{"start":{"line":89,"column":28},"end":{"line":94,"column":34}},"34":{"start":{"line":90,"column":46},"end":{"line":93,"column":38}},"35":{"start":{"line":96,"column":36},"end":{"line":96,"column":70}},"36":{"start":{"line":103,"column":8},"end":{"line":103,"column":79}},"37":{"start":{"line":105,"column":8},"end":{"line":110,"column":60}},"38":{"start":{"line":110,"column":24},"end":{"line":110,"column":58}},"39":{"start":{"line":115,"column":8},"end":{"line":115,"column":75}},"40":{"start":{"line":117,"column":8},"end":{"line":122,"column":74}},"41":{"start":{"line":122,"column":25},"end":{"line":122,"column":72}},"42":{"start":{"line":126,"column":25},"end":{"line":126,"column":30}},"43":{"start":{"line":128,"column":8},"end":{"line":134,"column":9}},"44":{"start":{"line":129,"column":12},"end":{"line":133,"column":15}},"45":{"start":{"line":132,"column":16},"end":{"line":132,"column":27}},"46":{"start":{"line":135,"column":8},"end":{"line":135,"column":20}},"47":{"start":{"line":140,"column":8},"end":{"line":148,"column":59}},"48":{"start":{"line":143,"column":16},"end":{"line":145,"column":17}},"49":{"start":{"line":144,"column":20},"end":{"line":144,"column":91}},"50":{"start":{"line":147,"column":23},"end":{"line":147,"column":54}},"51":{"start":{"line":148,"column":23},"end":{"line":148,"column":57}},"52":{"start":{"line":153,"column":26},"end":{"line":153,"column":65}},"53":{"start":{"line":155,"column":8},"end":{"line":155,"column":65}},"54":{"start":{"line":155,"column":50},"end":{"line":155,"column":63}},"55":{"start":{"line":156,"column":8},"end":{"line":156,"column":29}},"56":{"start":{"line":157,"column":8},"end":{"line":157,"column":31}},"57":{"start":{"line":159,"column":20},"end":{"line":159,"column":41}},"58":{"start":{"line":161,"column":8},"end":{"line":161,"column":70}},"59":{"start":{"line":161,"column":37},"end":{"line":161,"column":68}},"60":{"start":{"line":165,"column":8},"end":{"line":166,"column":28}},"61":{"start":{"line":166,"column":22},"end":{"line":166,"column":26}},"62":{"start":{"line":171,"column":8},"end":{"line":188,"column":10}},"63":{"start":{"line":173,"column":12},"end":{"line":175,"column":13}},"64":{"start":{"line":174,"column":16},"end":{"line":174,"column":83}},"65":{"start":{"line":177,"column":19},"end":{"line":177,"column":46}},"66":{"start":{"line":179,"column":12},"end":{"line":187,"column":15}},"67":{"start":{"line":181,"column":34},"end":{"line":181,"column":73}},"68":{"start":{"line":181,"column":60},"end":{"line":181,"column":72}},"69":{"start":{"line":182,"column":16},"end":{"line":186,"column":37}},"70":{"start":{"line":192,"column":8},"end":{"line":192,"column":88}},"71":{"start":{"line":196,"column":0},"end":{"line":196,"column":30}}},"fnMap":{"0":{"name":"(anonymous_0)","decl":{"start":{"line":25,"column":4},"end":{"line":25,"column":5}},"loc":{"start":{"line":25,"column":24},"end":{"line":53,"column":5}},"line":25},"1":{"name":"(anonymous_1)","decl":{"start":{"line":45,"column":18},"end":{"line":45,"column":19}},"loc":{"start":{"line":45,"column":26},"end":{"line":48,"column":13}},"line":45},"2":{"name":"(anonymous_2)","decl":{"start":{"line":47,"column":32},"end":{"line":47,"column":33}},"loc":{"start":{"line":47,"column":39},"end":{"line":47,"column":60}},"line":47},"3":{"name":"(anonymous_3)","decl":{"start":{"line":49,"column":19},"end":{"line":49,"column":20}},"loc":{"start":{"line":49,"column":25},"end":{"line":52,"column":13}},"line":49},"4":{"name":"(anonymous_4)","decl":{"start":{"line":55,"column":4},"end":{"line":55,"column":5}},"loc":{"start":{"line":55,"column":31},"end":{"line":99,"column":5}},"line":55},"5":{"name":"(anonymous_5)","decl":{"start":{"line":58,"column":18},"end":{"line":58,"column":19}},"loc":{"start":{"line":58,"column":25},"end":{"line":98,"column":13}},"line":58},"6":{"name":"(anonymous_6)","decl":{"start":{"line":71,"column":24},"end":{"line":71,"column":25}},"loc":{"start":{"line":71,"column":31},"end":{"line":73,"column":25}},"line":71},"7":{"name":"(anonymous_7)","decl":{"start":{"line":79,"column":26},"end":{"line":79,"column":27}},"loc":{"start":{"line":79,"column":32},"end":{"line":81,"column":21}},"line":79},"8":{"name":"(anonymous_8)","decl":{"start":{"line":82,"column":26},"end":{"line":82,"column":27}},"loc":{"start":{"line":82,"column":30},"end":{"line":97,"column":21}},"line":82},"9":{"name":"(anonymous_9)","decl":{"start":{"line":84,"column":30},"end":{"line":84,"column":31}},"loc":{"start":{"line":84,"column":37},"end":{"line":95,"column":25}},"line":84},"10":{"name":"(anonymous_10)","decl":{"start":{"line":90,"column":38},"end":{"line":90,"column":39}},"loc":{"start":{"line":90,"column":46},"end":{"line":93,"column":38}},"line":90},"11":{"name":"(anonymous_11)","decl":{"start":{"line":96,"column":30},"end":{"line":96,"column":31}},"loc":{"start":{"line":96,"column":36},"end":{"line":96,"column":70}},"line":96},"12":{"name":"(anonymous_12)","decl":{"start":{"line":101,"column":4},"end":{"line":101,"column":5}},"loc":{"start":{"line":101,"column":30},"end":{"line":111,"column":5}},"line":101},"13":{"name":"(anonymous_13)","decl":{"start":{"line":110,"column":18},"end":{"line":110,"column":19}},"loc":{"start":{"line":110,"column":24},"end":{"line":110,"column":58}},"line":110},"14":{"name":"(anonymous_14)","decl":{"start":{"line":113,"column":4},"end":{"line":113,"column":5}},"loc":{"start":{"line":113,"column":26},"end":{"line":123,"column":5}},"line":113},"15":{"name":"(anonymous_15)","decl":{"start":{"line":122,"column":18},"end":{"line":122,"column":19}},"loc":{"start":{"line":122,"column":25},"end":{"line":122,"column":72}},"line":122},"16":{"name":"(anonymous_16)","decl":{"start":{"line":125,"column":4},"end":{"line":125,"column":5}},"loc":{"start":{"line":125,"column":25},"end":{"line":136,"column":5}},"line":125},"17":{"name":"(anonymous_17)","decl":{"start":{"line":130,"column":19},"end":{"line":130,"column":20}},"loc":{"start":{"line":130,"column":26},"end":{"line":133,"column":13}},"line":130},"18":{"name":"(anonymous_18)","decl":{"start":{"line":138,"column":4},"end":{"line":138,"column":5}},"loc":{"start":{"line":138,"column":26},"end":{"line":149,"column":5}},"line":138},"19":{"name":"(anonymous_19)","decl":{"start":{"line":141,"column":18},"end":{"line":141,"column":19}},"loc":{"start":{"line":141,"column":24},"end":{"line":146,"column":13}},"line":141},"20":{"name":"(anonymous_20)","decl":{"start":{"line":147,"column":18},"end":{"line":147,"column":19}},"loc":{"start":{"line":147,"column":23},"end":{"line":147,"column":54}},"line":147},"21":{"name":"(anonymous_21)","decl":{"start":{"line":148,"column":18},"end":{"line":148,"column":19}},"loc":{"start":{"line":148,"column":23},"end":{"line":148,"column":57}},"line":148},"22":{"name":"(anonymous_22)","decl":{"start":{"line":151,"column":4},"end":{"line":151,"column":5}},"loc":{"start":{"line":151,"column":29},"end":{"line":162,"column":5}},"line":151},"23":{"name":"(anonymous_23)","decl":{"start":{"line":155,"column":43},"end":{"line":155,"column":44}},"loc":{"start":{"line":155,"column":50},"end":{"line":155,"column":63}},"line":155},"24":{"name":"(anonymous_24)","decl":{"start":{"line":161,"column":31},"end":{"line":161,"column":32}},"loc":{"start":{"line":161,"column":37},"end":{"line":161,"column":68}},"line":161},"25":{"name":"(anonymous_25)","decl":{"start":{"line":164,"column":4},"end":{"line":164,"column":5}},"loc":{"start":{"line":164,"column":13},"end":{"line":167,"column":5}},"line":164},"26":{"name":"(anonymous_26)","decl":{"start":{"line":166,"column":14},"end":{"line":166,"column":15}},"loc":{"start":{"line":166,"column":22},"end":{"line":166,"column":26}},"line":166},"27":{"name":"(anonymous_27)","decl":{"start":{"line":169,"column":4},"end":{"line":169,"column":5}},"loc":{"start":{"line":169,"column":21},"end":{"line":189,"column":5}},"line":169},"28":{"name":"(anonymous_28)","decl":{"start":{"line":172,"column":14},"end":{"line":172,"column":15}},"loc":{"start":{"line":172,"column":20},"end":{"line":176,"column":9}},"line":172},"29":{"name":"(anonymous_29)","decl":{"start":{"line":177,"column":14},"end":{"line":177,"column":15}},"loc":{"start":{"line":177,"column":19},"end":{"line":177,"column":46}},"line":177},"30":{"name":"(anonymous_30)","decl":{"start":{"line":178,"column":14},"end":{"line":178,"column":15}},"loc":{"start":{"line":178,"column":18},"end":{"line":188,"column":9}},"line":178},"31":{"name":"(anonymous_31)","decl":{"start":{"line":180,"column":18},"end":{"line":180,"column":19}},"loc":{"start":{"line":180,"column":26},"end":{"line":187,"column":13}},"line":180},"32":{"name":"(anonymous_32)","decl":{"start":{"line":181,"column":53},"end":{"line":181,"column":54}},"loc":{"start":{"line":181,"column":60},"end":{"line":181,"column":72}},"line":181},"33":{"name":"(anonymous_33)","decl":{"start":{"line":191,"column":4},"end":{"line":191,"column":5}},"loc":{"start":{"line":191,"column":26},"end":{"line":193,"column":5}},"line":191}},"branchMap":{"0":{"loc":{"start":{"line":37,"column":17},"end":{"line":37,"column":36}},"type":"binary-expr","locations":[{"start":{"line":37,"column":17},"end":{"line":37,"column":31}},{"start":{"line":37,"column":35},"end":{"line":37,"column":36}}],"line":37},"1":{"loc":{"start":{"line":38,"column":17},"end":{"line":38,"column":51}},"type":"binary-expr","locations":[{"start":{"line":38,"column":17},"end":{"line":38,"column":31}},{"start":{"line":38,"column":35},"end":{"line":38,"column":51}}],"line":38},"2":{"loc":{"start":{"line":40,"column":17},"end":{"line":40,"column":37}},"type":"binary-expr","locations":[{"start":{"line":40,"column":17},"end":{"line":40,"column":32}},{"start":{"line":40,"column":36},"end":{"line":40,"column":37}}],"line":40},"3":{"loc":{"start":{"line":41,"column":17},"end":{"line":41,"column":52}},"type":"binary-expr","locations":[{"start":{"line":41,"column":17},"end":{"line":41,"column":32}},{"start":{"line":41,"column":36},"end":{"line":41,"column":52}}],"line":41},"4":{"loc":{"start":{"line":43,"column":17},"end":{"line":43,"column":35}},"type":"binary-expr","locations":[{"start":{"line":43,"column":17},"end":{"line":43,"column":30}},{"start":{"line":43,"column":34},"end":{"line":43,"column":35}}],"line":43},"5":{"loc":{"start":{"line":44,"column":17},"end":{"line":44,"column":50}},"type":"binary-expr","locations":[{"start":{"line":44,"column":17},"end":{"line":44,"column":30}},{"start":{"line":44,"column":34},"end":{"line":44,"column":50}}],"line":44},"6":{"loc":{"start":{"line":46,"column":23},"end":{"line":47,"column":68}},"type":"cond-expr","locations":[{"start":{"line":47,"column":20},"end":{"line":47,"column":61}},{"start":{"line":47,"column":64},"end":{"line":47,"column":68}}],"line":46},"7":{"loc":{"start":{"line":72,"column":28},"end":{"line":72,"column":48}},"type":"if","locations":[{"start":{"line":72,"column":28},"end":{"line":72,"column":48}},{"start":{"line":72,"column":28},"end":{"line":72,"column":48}}],"line":72}},"s":{"0":1,"1":1,"2":1,"3":1,"4":1,"5":1,"6":1,"7":1,"8":1,"9":1,"10":0,"11":0,"12":0,"13":0,"14":0,"15":0,"16":0,"17":0,"18":0,"19":0,"20":0,"21":0,"22":0,"23":0,"24":0,"25":0,"26":0,"27":0,"28":0,"29":0,"30":0,"31":0,"32":0,"33":0,"34":0,"35":0,"36":0,"37":0,"38":0,"39":0,"40":0,"41":0,"42":0,"43":0,"44":0,"45":0,"46":0,"47":0,"48":0,"49":0,"50":0,"51":0,"52":0,"53":0,"54":0,"55":0,"56":0,"57":0,"58":0,"59":0,"60":0,"61":0,"62":0,"63":0,"64":0,"65":0,"66":0,"67":0,"68":0,"69":0,"70":0,"71":1},"f":{"0":0,"1":0,"2":0,"3":0,"4":0,"5":0,"6":0,"7":0,"8":0,"9":0,"10":0,"11":0,"12":0,"13":0,"14":0,"15":0,"16":0,"17":0,"18":0,"19":0,"20":0,"21":0,"22":0,"23":0,"24":0,"25":0,"26":0,"27":0,"28":0,"29":0,"30":0,"31":0,"32":0,"33":0},"b":{"0":[0,0],"1":[0,0],"2":[0,0],"3":[0,0],"4":[0,0],"5":[0,0],"6":[0,0],"7":[0,0]},"_coverageSchema":"1a1c01bbd47fc00a2c39e90264f33305004495a9","hash":"d759e93a3212f3e203bb1212e63f36ff1e15353b"}
,"/media/pavel/A490E14090E11996/www/A-Level/diplom/server/modules/cars/routes.js": {"path":"/media/pavel/A490E14090E11996/www/A-Level/diplom/server/modules/cars/routes.js","statementMap":{"0":{"start":{"line":1,"column":16},"end":{"line":1,"column":34}},"1":{"start":{"line":17,"column":4},"end":{"line":17,"column":27}},"2":{"start":{"line":19,"column":19},"end":{"line":19,"column":35}},"3":{"start":{"line":21,"column":0},"end":{"line":21,"column":31}},"4":{"start":{"line":22,"column":0},"end":{"line":22,"column":41}},"5":{"start":{"line":23,"column":0},"end":{"line":23,"column":33}},"6":{"start":{"line":24,"column":0},"end":{"line":24,"column":51}},"7":{"start":{"line":25,"column":0},"end":{"line":25,"column":53}},"8":{"start":{"line":26,"column":0},"end":{"line":26,"column":45}},"9":{"start":{"line":27,"column":0},"end":{"line":27,"column":57}},"10":{"start":{"line":28,"column":0},"end":{"line":28,"column":55}},"11":{"start":{"line":29,"column":0},"end":{"line":29,"column":38}},"12":{"start":{"line":30,"column":0},"end":{"line":30,"column":36}},"13":{"start":{"line":32,"column":0},"end":{"line":32,"column":28}}},"fnMap":{},"branchMap":{},"s":{"0":1,"1":1,"2":1,"3":1,"4":1,"5":1,"6":1,"7":1,"8":1,"9":1,"10":1,"11":1,"12":1,"13":1},"f":{},"b":{},"_coverageSchema":"1a1c01bbd47fc00a2c39e90264f33305004495a9","hash":"265f43605cddc6aab06a80aff60fc903c0e5433a"}
,"/media/pavel/A490E14090E11996/www/A-Level/diplom/server/modules/searchCars/controller.js": {"path":"/media/pavel/A490E14090E11996/www/A-Level/diplom/server/modules/searchCars/controller.js","statementMap":{"0":{"start":{"line":1,"column":26},"end":{"line":1,"column":45}},"1":{"start":{"line":7,"column":8},"end":{"line":13,"column":9}},"2":{"start":{"line":8,"column":31},"end":{"line":8,"column":52}},"3":{"start":{"line":9,"column":12},"end":{"line":9,"column":61}},"4":{"start":{"line":9,"column":44},"end":{"line":9,"column":61}},"5":{"start":{"line":10,"column":12},"end":{"line":10,"column":33}},"6":{"start":{"line":12,"column":12},"end":{"line":12,"column":57}},"7":{"start":{"line":17,"column":0},"end":{"line":17,"column":34}}},"fnMap":{"0":{"name":"(anonymous_0)","decl":{"start":{"line":5,"column":4},"end":{"line":5,"column":5}},"loc":{"start":{"line":5,"column":33},"end":{"line":14,"column":5}},"line":5}},"branchMap":{"0":{"loc":{"start":{"line":9,"column":12},"end":{"line":9,"column":61}},"type":"if","locations":[{"start":{"line":9,"column":12},"end":{"line":9,"column":61}},{"start":{"line":9,"column":12},"end":{"line":9,"column":61}}],"line":9}},"s":{"0":1,"1":1,"2":1,"3":1,"4":0,"5":1,"6":0,"7":1},"f":{"0":1},"b":{"0":[0,1]},"_coverageSchema":"1a1c01bbd47fc00a2c39e90264f33305004495a9","hash":"e5ceeb66054f70a0d246a828d9eb0bb4cbdbc02a"}
,"/media/pavel/A490E14090E11996/www/A-Level/diplom/server/modules/searchCars/models.js": {"path":"/media/pavel/A490E14090E11996/www/A-Level/diplom/server/modules/searchCars/models.js","statementMap":{"0":{"start":{"line":1,"column":17},"end":{"line":1,"column":36}},"1":{"start":{"line":3,"column":15},"end":{"line":3,"column":33}},"2":{"start":{"line":4,"column":15},"end":{"line":4,"column":30}},"3":{"start":{"line":6,"column":24},"end":{"line":9,"column":23}},"4":{"start":{"line":11,"column":18},"end":{"line":11,"column":62}},"5":{"start":{"line":16,"column":8},"end":{"line":21,"column":15}},"6":{"start":{"line":17,"column":26},"end":{"line":17,"column":30}},"7":{"start":{"line":20,"column":16},"end":{"line":20,"column":27}},"8":{"start":{"line":26,"column":8},"end":{"line":58,"column":11}},"9":{"start":{"line":29,"column":12},"end":{"line":53,"column":13}},"10":{"start":{"line":31,"column":16},"end":{"line":43,"column":17}},"11":{"start":{"line":33,"column":33},"end":{"line":33,"column":51}},"12":{"start":{"line":35,"column":20},"end":{"line":42,"column":21}},"13":{"start":{"line":36,"column":24},"end":{"line":36,"column":48}},"14":{"start":{"line":38,"column":24},"end":{"line":41,"column":26}},"15":{"start":{"line":44,"column":16},"end":{"line":44,"column":28}},"16":{"start":{"line":47,"column":41},"end":{"line":50,"column":18}},"17":{"start":{"line":51,"column":16},"end":{"line":51,"column":46}},"18":{"start":{"line":52,"column":16},"end":{"line":52,"column":28}},"19":{"start":{"line":57,"column":12},"end":{"line":57,"column":23}},"20":{"start":{"line":62,"column":0},"end":{"line":62,"column":30}}},"fnMap":{"0":{"name":"(anonymous_0)","decl":{"start":{"line":15,"column":4},"end":{"line":15,"column":5}},"loc":{"start":{"line":15,"column":19},"end":{"line":22,"column":5}},"line":15},"1":{"name":"(anonymous_1)","decl":{"start":{"line":17,"column":18},"end":{"line":17,"column":19}},"loc":{"start":{"line":17,"column":26},"end":{"line":17,"column":30}},"line":17},"2":{"name":"(anonymous_2)","decl":{"start":{"line":18,"column":19},"end":{"line":18,"column":20}},"loc":{"start":{"line":18,"column":25},"end":{"line":21,"column":13}},"line":18},"3":{"name":"(anonymous_3)","decl":{"start":{"line":24,"column":4},"end":{"line":24,"column":5}},"loc":{"start":{"line":24,"column":24},"end":{"line":59,"column":5}},"line":24},"4":{"name":"(anonymous_4)","decl":{"start":{"line":27,"column":14},"end":{"line":27,"column":15}},"loc":{"start":{"line":27,"column":29},"end":{"line":54,"column":9}},"line":27},"5":{"name":"(anonymous_5)","decl":{"start":{"line":55,"column":15},"end":{"line":55,"column":16}},"loc":{"start":{"line":55,"column":21},"end":{"line":58,"column":9}},"line":55}},"branchMap":{"0":{"loc":{"start":{"line":29,"column":12},"end":{"line":53,"column":13}},"type":"if","locations":[{"start":{"line":29,"column":12},"end":{"line":53,"column":13}},{"start":{"line":29,"column":12},"end":{"line":53,"column":13}}],"line":29},"1":{"loc":{"start":{"line":31,"column":16},"end":{"line":43,"column":17}},"type":"if","locations":[{"start":{"line":31,"column":16},"end":{"line":43,"column":17}},{"start":{"line":31,"column":16},"end":{"line":43,"column":17}}],"line":31},"2":{"loc":{"start":{"line":35,"column":20},"end":{"line":42,"column":21}},"type":"if","locations":[{"start":{"line":35,"column":20},"end":{"line":42,"column":21}},{"start":{"line":35,"column":20},"end":{"line":42,"column":21}}],"line":35}},"s":{"0":1,"1":1,"2":1,"3":1,"4":1,"5":1,"6":1,"7":0,"8":0,"9":0,"10":0,"11":0,"12":0,"13":0,"14":0,"15":0,"16":0,"17":0,"18":0,"19":0,"20":1},"f":{"0":1,"1":1,"2":0,"3":0,"4":0,"5":0},"b":{"0":[0,0],"1":[0,0],"2":[0,0]},"_coverageSchema":"1a1c01bbd47fc00a2c39e90264f33305004495a9","hash":"80b95b8f282e40d3e99dc61bca031ee16733e4bd"}
,"/media/pavel/A490E14090E11996/www/A-Level/diplom/server/modules/searchCars/routes.js": {"path":"/media/pavel/A490E14090E11996/www/A-Level/diplom/server/modules/searchCars/routes.js","statementMap":{"0":{"start":{"line":1,"column":16},"end":{"line":1,"column":34}},"1":{"start":{"line":3,"column":26},"end":{"line":3,"column":49}},"2":{"start":{"line":5,"column":26},"end":{"line":5,"column":42}},"3":{"start":{"line":7,"column":0},"end":{"line":7,"column":42}},"4":{"start":{"line":9,"column":0},"end":{"line":9,"column":35}}},"fnMap":{},"branchMap":{},"s":{"0":1,"1":1,"2":1,"3":1,"4":1},"f":{},"b":{},"_coverageSchema":"1a1c01bbd47fc00a2c39e90264f33305004495a9","hash":"026683122155e92a41066bd1e766f58959991419"}
,"/media/pavel/A490E14090E11996/www/A-Level/diplom/server/modules/users/controller.js": {"path":"/media/pavel/A490E14090E11996/www/A-Level/diplom/server/modules/users/controller.js","statementMap":{"0":{"start":{"line":11,"column":4},"end":{"line":11,"column":23}},"1":{"start":{"line":16,"column":25},"end":{"line":16,"column":28}},"2":{"start":{"line":18,"column":8},"end":{"line":21,"column":9}},"3":{"start":{"line":19,"column":12},"end":{"line":19,"column":69}},"4":{"start":{"line":20,"column":12},"end":{"line":20,"column":19}},"5":{"start":{"line":23,"column":8},"end":{"line":29,"column":9}},"6":{"start":{"line":24,"column":26},"end":{"line":24,"column":47}},"7":{"start":{"line":25,"column":12},"end":{"line":25,"column":51}},"8":{"start":{"line":25,"column":39},"end":{"line":25,"column":51}},"9":{"start":{"line":26,"column":12},"end":{"line":26,"column":28}},"10":{"start":{"line":28,"column":12},"end":{"line":28,"column":57}},"11":{"start":{"line":33,"column":23},"end":{"line":33,"column":33}},"12":{"start":{"line":35,"column":8},"end":{"line":38,"column":9}},"13":{"start":{"line":36,"column":8},"end":{"line":36,"column":60}},"14":{"start":{"line":37,"column":8},"end":{"line":37,"column":15}},"15":{"start":{"line":40,"column":8},"end":{"line":47,"column":9}},"16":{"start":{"line":41,"column":23},"end":{"line":41,"column":40}},"17":{"start":{"line":43,"column":8},"end":{"line":43,"column":50}},"18":{"start":{"line":43,"column":37},"end":{"line":43,"column":50}},"19":{"start":{"line":44,"column":8},"end":{"line":44,"column":25}},"20":{"start":{"line":46,"column":8},"end":{"line":46,"column":55}},"21":{"start":{"line":51,"column":34},"end":{"line":51,"column":45}},"22":{"start":{"line":53,"column":8},"end":{"line":56,"column":9}},"23":{"start":{"line":54,"column":12},"end":{"line":54,"column":68}},"24":{"start":{"line":55,"column":12},"end":{"line":55,"column":19}},"25":{"start":{"line":58,"column":8},"end":{"line":64,"column":9}},"26":{"start":{"line":59,"column":26},"end":{"line":59,"column":53}},"27":{"start":{"line":60,"column":12},"end":{"line":60,"column":51}},"28":{"start":{"line":60,"column":39},"end":{"line":60,"column":51}},"29":{"start":{"line":61,"column":12},"end":{"line":61,"column":28}},"30":{"start":{"line":63,"column":12},"end":{"line":63,"column":57}},"31":{"start":{"line":68,"column":8},"end":{"line":88,"column":9}},"32":{"start":{"line":69,"column":29},"end":{"line":69,"column":32}},"33":{"start":{"line":70,"column":12},"end":{"line":73,"column":13}},"34":{"start":{"line":71,"column":16},"end":{"line":71,"column":73}},"35":{"start":{"line":72,"column":16},"end":{"line":72,"column":23}},"36":{"start":{"line":75,"column":12},"end":{"line":75,"column":35}},"37":{"start":{"line":76,"column":12},"end":{"line":76,"column":33}},"38":{"start":{"line":77,"column":12},"end":{"line":77,"column":27}},"39":{"start":{"line":78,"column":12},"end":{"line":78,"column":28}},"40":{"start":{"line":79,"column":12},"end":{"line":79,"column":38}},"41":{"start":{"line":81,"column":25},"end":{"line":81,"column":53}},"42":{"start":{"line":83,"column":12},"end":{"line":83,"column":49}},"43":{"start":{"line":83,"column":38},"end":{"line":83,"column":49}},"44":{"start":{"line":84,"column":12},"end":{"line":84,"column":52}},"45":{"start":{"line":85,"column":12},"end":{"line":85,"column":32}},"46":{"start":{"line":87,"column":12},"end":{"line":87,"column":57}},"47":{"start":{"line":92,"column":8},"end":{"line":114,"column":9}},"48":{"start":{"line":93,"column":29},"end":{"line":93,"column":32}},"49":{"start":{"line":94,"column":38},"end":{"line":94,"column":49}},"50":{"start":{"line":96,"column":12},"end":{"line":99,"column":13}},"51":{"start":{"line":97,"column":16},"end":{"line":97,"column":72}},"52":{"start":{"line":98,"column":16},"end":{"line":98,"column":23}},"53":{"start":{"line":101,"column":12},"end":{"line":104,"column":13}},"54":{"start":{"line":102,"column":16},"end":{"line":102,"column":73}},"55":{"start":{"line":103,"column":16},"end":{"line":103,"column":23}},"56":{"start":{"line":106,"column":12},"end":{"line":106,"column":35}},"57":{"start":{"line":107,"column":12},"end":{"line":107,"column":32}},"58":{"start":{"line":109,"column":27},"end":{"line":109,"column":75}},"59":{"start":{"line":110,"column":12},"end":{"line":110,"column":53}},"60":{"start":{"line":110,"column":40},"end":{"line":110,"column":53}},"61":{"start":{"line":111,"column":12},"end":{"line":111,"column":29}},"62":{"start":{"line":113,"column":12},"end":{"line":113,"column":57}},"63":{"start":{"line":119,"column":34},"end":{"line":119,"column":45}},"64":{"start":{"line":121,"column":8},"end":{"line":124,"column":9}},"65":{"start":{"line":122,"column":12},"end":{"line":122,"column":68}},"66":{"start":{"line":123,"column":12},"end":{"line":123,"column":19}},"67":{"start":{"line":126,"column":8},"end":{"line":132,"column":9}},"68":{"start":{"line":127,"column":25},"end":{"line":127,"column":53}},"69":{"start":{"line":128,"column":12},"end":{"line":128,"column":49}},"70":{"start":{"line":128,"column":38},"end":{"line":128,"column":49}},"71":{"start":{"line":129,"column":12},"end":{"line":129,"column":27}},"72":{"start":{"line":131,"column":12},"end":{"line":131,"column":57}},"73":{"start":{"line":137,"column":25},"end":{"line":137,"column":28}},"74":{"start":{"line":139,"column":8},"end":{"line":142,"column":9}},"75":{"start":{"line":140,"column":12},"end":{"line":140,"column":69}},"76":{"start":{"line":141,"column":12},"end":{"line":141,"column":19}},"77":{"start":{"line":143,"column":8},"end":{"line":152,"column":9}},"78":{"start":{"line":144,"column":25},"end":{"line":144,"column":45}},"79":{"start":{"line":146,"column":12},"end":{"line":146,"column":49}},"80":{"start":{"line":146,"column":38},"end":{"line":146,"column":49}},"81":{"start":{"line":147,"column":12},"end":{"line":147,"column":52}},"82":{"start":{"line":148,"column":12},"end":{"line":148,"column":32}},"83":{"start":{"line":151,"column":12},"end":{"line":151,"column":57}},"84":{"start":{"line":157,"column":34},"end":{"line":157,"column":45}},"85":{"start":{"line":159,"column":8},"end":{"line":159,"column":35}},"86":{"start":{"line":161,"column":8},"end":{"line":164,"column":9}},"87":{"start":{"line":162,"column":12},"end":{"line":162,"column":68}},"88":{"start":{"line":163,"column":12},"end":{"line":163,"column":19}},"89":{"start":{"line":165,"column":8},"end":{"line":174,"column":9}},"90":{"start":{"line":166,"column":27},"end":{"line":166,"column":37}},"91":{"start":{"line":167,"column":25},"end":{"line":167,"column":60}},"92":{"start":{"line":169,"column":12},"end":{"line":169,"column":49}},"93":{"start":{"line":169,"column":38},"end":{"line":169,"column":49}},"94":{"start":{"line":171,"column":12},"end":{"line":171,"column":69}},"95":{"start":{"line":173,"column":12},"end":{"line":173,"column":57}},"96":{"start":{"line":179,"column":34},"end":{"line":179,"column":45}},"97":{"start":{"line":181,"column":8},"end":{"line":184,"column":9}},"98":{"start":{"line":182,"column":12},"end":{"line":182,"column":68}},"99":{"start":{"line":183,"column":12},"end":{"line":183,"column":19}},"100":{"start":{"line":186,"column":8},"end":{"line":194,"column":9}},"101":{"start":{"line":187,"column":27},"end":{"line":187,"column":37}},"102":{"start":{"line":188,"column":29},"end":{"line":188,"column":32}},"103":{"start":{"line":189,"column":25},"end":{"line":189,"column":65}},"104":{"start":{"line":190,"column":12},"end":{"line":190,"column":49}},"105":{"start":{"line":190,"column":38},"end":{"line":190,"column":49}},"106":{"start":{"line":191,"column":12},"end":{"line":191,"column":27}},"107":{"start":{"line":193,"column":12},"end":{"line":193,"column":57}},"108":{"start":{"line":198,"column":0},"end":{"line":198,"column":34}}},"fnMap":{"0":{"name":"(anonymous_0)","decl":{"start":{"line":15,"column":4},"end":{"line":15,"column":5}},"loc":{"start":{"line":15,"column":29},"end":{"line":30,"column":5}},"line":15},"1":{"name":"(anonymous_1)","decl":{"start":{"line":32,"column":4},"end":{"line":32,"column":5}},"loc":{"start":{"line":32,"column":27},"end":{"line":48,"column":5}},"line":32},"2":{"name":"(anonymous_2)","decl":{"start":{"line":50,"column":4},"end":{"line":50,"column":5}},"loc":{"start":{"line":50,"column":26},"end":{"line":65,"column":5}},"line":50},"3":{"name":"(anonymous_3)","decl":{"start":{"line":67,"column":4},"end":{"line":67,"column":5}},"loc":{"start":{"line":67,"column":36},"end":{"line":89,"column":5}},"line":67},"4":{"name":"(anonymous_4)","decl":{"start":{"line":91,"column":4},"end":{"line":91,"column":5}},"loc":{"start":{"line":91,"column":41},"end":{"line":115,"column":5}},"line":91},"5":{"name":"(anonymous_5)","decl":{"start":{"line":117,"column":4},"end":{"line":117,"column":5}},"loc":{"start":{"line":117,"column":27},"end":{"line":133,"column":5}},"line":117},"6":{"name":"(anonymous_6)","decl":{"start":{"line":135,"column":4},"end":{"line":135,"column":5}},"loc":{"start":{"line":135,"column":28},"end":{"line":153,"column":5}},"line":135},"7":{"name":"(anonymous_7)","decl":{"start":{"line":155,"column":4},"end":{"line":155,"column":5}},"loc":{"start":{"line":155,"column":30},"end":{"line":175,"column":5}},"line":155},"8":{"name":"(anonymous_8)","decl":{"start":{"line":177,"column":4},"end":{"line":177,"column":5}},"loc":{"start":{"line":177,"column":29},"end":{"line":195,"column":5}},"line":177}},"branchMap":{"0":{"loc":{"start":{"line":18,"column":8},"end":{"line":21,"column":9}},"type":"if","locations":[{"start":{"line":18,"column":8},"end":{"line":21,"column":9}},{"start":{"line":18,"column":8},"end":{"line":21,"column":9}}],"line":18},"1":{"loc":{"start":{"line":18,"column":11},"end":{"line":18,"column":37}},"type":"binary-expr","locations":[{"start":{"line":18,"column":11},"end":{"line":18,"column":22}},{"start":{"line":18,"column":26},"end":{"line":18,"column":37}}],"line":18},"2":{"loc":{"start":{"line":25,"column":12},"end":{"line":25,"column":51}},"type":"if","locations":[{"start":{"line":25,"column":12},"end":{"line":25,"column":51}},{"start":{"line":25,"column":12},"end":{"line":25,"column":51}}],"line":25},"3":{"loc":{"start":{"line":35,"column":8},"end":{"line":38,"column":9}},"type":"if","locations":[{"start":{"line":35,"column":8},"end":{"line":38,"column":9}},{"start":{"line":35,"column":8},"end":{"line":38,"column":9}}],"line":35},"4":{"loc":{"start":{"line":43,"column":8},"end":{"line":43,"column":50}},"type":"if","locations":[{"start":{"line":43,"column":8},"end":{"line":43,"column":50}},{"start":{"line":43,"column":8},"end":{"line":43,"column":50}}],"line":43},"5":{"loc":{"start":{"line":53,"column":8},"end":{"line":56,"column":9}},"type":"if","locations":[{"start":{"line":53,"column":8},"end":{"line":56,"column":9}},{"start":{"line":53,"column":8},"end":{"line":56,"column":9}}],"line":53},"6":{"loc":{"start":{"line":60,"column":12},"end":{"line":60,"column":51}},"type":"if","locations":[{"start":{"line":60,"column":12},"end":{"line":60,"column":51}},{"start":{"line":60,"column":12},"end":{"line":60,"column":51}}],"line":60},"7":{"loc":{"start":{"line":70,"column":12},"end":{"line":73,"column":13}},"type":"if","locations":[{"start":{"line":70,"column":12},"end":{"line":73,"column":13}},{"start":{"line":70,"column":12},"end":{"line":73,"column":13}}],"line":70},"8":{"loc":{"start":{"line":70,"column":15},"end":{"line":70,"column":59}},"type":"binary-expr","locations":[{"start":{"line":70,"column":15},"end":{"line":70,"column":26}},{"start":{"line":70,"column":30},"end":{"line":70,"column":44}},{"start":{"line":70,"column":48},"end":{"line":70,"column":59}}],"line":70},"9":{"loc":{"start":{"line":83,"column":12},"end":{"line":83,"column":49}},"type":"if","locations":[{"start":{"line":83,"column":12},"end":{"line":83,"column":49}},{"start":{"line":83,"column":12},"end":{"line":83,"column":49}}],"line":83},"10":{"loc":{"start":{"line":96,"column":12},"end":{"line":99,"column":13}},"type":"if","locations":[{"start":{"line":96,"column":12},"end":{"line":99,"column":13}},{"start":{"line":96,"column":12},"end":{"line":99,"column":13}}],"line":96},"11":{"loc":{"start":{"line":101,"column":12},"end":{"line":104,"column":13}},"type":"if","locations":[{"start":{"line":101,"column":12},"end":{"line":104,"column":13}},{"start":{"line":101,"column":12},"end":{"line":104,"column":13}}],"line":101},"12":{"loc":{"start":{"line":101,"column":15},"end":{"line":101,"column":59}},"type":"binary-expr","locations":[{"start":{"line":101,"column":15},"end":{"line":101,"column":26}},{"start":{"line":101,"column":30},"end":{"line":101,"column":44}},{"start":{"line":101,"column":48},"end":{"line":101,"column":59}}],"line":101},"13":{"loc":{"start":{"line":110,"column":12},"end":{"line":110,"column":53}},"type":"if","locations":[{"start":{"line":110,"column":12},"end":{"line":110,"column":53}},{"start":{"line":110,"column":12},"end":{"line":110,"column":53}}],"line":110},"14":{"loc":{"start":{"line":121,"column":8},"end":{"line":124,"column":9}},"type":"if","locations":[{"start":{"line":121,"column":8},"end":{"line":124,"column":9}},{"start":{"line":121,"column":8},"end":{"line":124,"column":9}}],"line":121},"15":{"loc":{"start":{"line":128,"column":12},"end":{"line":128,"column":49}},"type":"if","locations":[{"start":{"line":128,"column":12},"end":{"line":128,"column":49}},{"start":{"line":128,"column":12},"end":{"line":128,"column":49}}],"line":128},"16":{"loc":{"start":{"line":139,"column":8},"end":{"line":142,"column":9}},"type":"if","locations":[{"start":{"line":139,"column":8},"end":{"line":142,"column":9}},{"start":{"line":139,"column":8},"end":{"line":142,"column":9}}],"line":139},"17":{"loc":{"start":{"line":139,"column":11},"end":{"line":139,"column":50}},"type":"binary-expr","locations":[{"start":{"line":139,"column":11},"end":{"line":139,"column":15}},{"start":{"line":139,"column":20},"end":{"line":139,"column":31}},{"start":{"line":139,"column":35},"end":{"line":139,"column":49}}],"line":139},"18":{"loc":{"start":{"line":146,"column":12},"end":{"line":146,"column":49}},"type":"if","locations":[{"start":{"line":146,"column":12},"end":{"line":146,"column":49}},{"start":{"line":146,"column":12},"end":{"line":146,"column":49}}],"line":146},"19":{"loc":{"start":{"line":161,"column":8},"end":{"line":164,"column":9}},"type":"if","locations":[{"start":{"line":161,"column":8},"end":{"line":164,"column":9}},{"start":{"line":161,"column":8},"end":{"line":164,"column":9}}],"line":161},"20":{"loc":{"start":{"line":169,"column":12},"end":{"line":169,"column":49}},"type":"if","locations":[{"start":{"line":169,"column":12},"end":{"line":169,"column":49}},{"start":{"line":169,"column":12},"end":{"line":169,"column":49}}],"line":169},"21":{"loc":{"start":{"line":181,"column":8},"end":{"line":184,"column":9}},"type":"if","locations":[{"start":{"line":181,"column":8},"end":{"line":184,"column":9}},{"start":{"line":181,"column":8},"end":{"line":184,"column":9}}],"line":181},"22":{"loc":{"start":{"line":190,"column":12},"end":{"line":190,"column":49}},"type":"if","locations":[{"start":{"line":190,"column":12},"end":{"line":190,"column":49}},{"start":{"line":190,"column":12},"end":{"line":190,"column":49}}],"line":190}},"s":{"0":1,"1":1,"2":1,"3":0,"4":0,"5":1,"6":1,"7":1,"8":0,"9":1,"10":0,"11":0,"12":0,"13":0,"14":0,"15":0,"16":0,"17":0,"18":0,"19":0,"20":0,"21":1,"22":1,"23":1,"24":1,"25":0,"26":0,"27":0,"28":0,"29":0,"30":0,"31":2,"32":2,"33":2,"34":1,"35":1,"36":1,"37":1,"38":1,"39":1,"40":1,"41":1,"42":1,"43":1,"44":0,"45":0,"46":1,"47":0,"48":0,"49":0,"50":0,"51":0,"52":0,"53":0,"54":0,"55":0,"56":0,"57":0,"58":0,"59":0,"60":0,"61":0,"62":0,"63":1,"64":1,"65":1,"66":1,"67":0,"68":0,"69":0,"70":0,"71":0,"72":0,"73":2,"74":2,"75":1,"76":1,"77":1,"78":1,"79":1,"80":1,"81":0,"82":0,"83":1,"84":0,"85":0,"86":0,"87":0,"88":0,"89":0,"90":0,"91":0,"92":0,"93":0,"94":0,"95":0,"96":0,"97":0,"98":0,"99":0,"100":0,"101":0,"102":0,"103":0,"104":0,"105":0,"106":0,"107":0,"108":1},"f":{"0":1,"1":0,"2":1,"3":2,"4":0,"5":1,"6":2,"7":0,"8":0},"b":{"0":[0,1],"1":[1,0],"2":[0,1],"3":[0,0],"4":[0,0],"5":[1,0],"6":[0,0],"7":[1,1],"8":[2,2,2],"9":[1,0],"10":[0,0],"11":[0,0],"12":[0,0,0],"13":[0,0],"14":[1,0],"15":[0,0],"16":[1,1],"17":[2,2,1],"18":[1,0],"19":[0,0],"20":[0,0],"21":[0,0],"22":[0,0]},"_coverageSchema":"1a1c01bbd47fc00a2c39e90264f33305004495a9","hash":"b8b96fa67447f7a6b5e527cd573d6d22d364bac8"}
,"/media/pavel/A490E14090E11996/www/A-Level/diplom/server/modules/users/models.js": {"path":"/media/pavel/A490E14090E11996/www/A-Level/diplom/server/modules/users/models.js","statementMap":{"0":{"start":{"line":1,"column":19},"end":{"line":1,"column":41}},"1":{"start":{"line":3,"column":12},"end":{"line":3,"column":35}},"2":{"start":{"line":4,"column":15},"end":{"line":4,"column":32}},"3":{"start":{"line":5,"column":23},"end":{"line":5,"column":51}},"4":{"start":{"line":7,"column":29},"end":{"line":7,"column":52}},"5":{"start":{"line":8,"column":24},"end":{"line":8,"column":52}},"6":{"start":{"line":10,"column":19},"end":{"line":10,"column":21}},"7":{"start":{"line":11,"column":15},"end":{"line":11,"column":33}},"8":{"start":{"line":13,"column":0},"end":{"line":13,"column":62}},"9":{"start":{"line":19,"column":7},"end":{"line":27,"column":11}},"10":{"start":{"line":22,"column":12},"end":{"line":22,"column":41}},"11":{"start":{"line":22,"column":29},"end":{"line":22,"column":41}},"12":{"start":{"line":23,"column":12},"end":{"line":23,"column":47}},"13":{"start":{"line":23,"column":33},"end":{"line":23,"column":47}},"14":{"start":{"line":24,"column":12},"end":{"line":24,"column":60}},"15":{"start":{"line":24,"column":45},"end":{"line":24,"column":60}},"16":{"start":{"line":25,"column":12},"end":{"line":25,"column":60}},"17":{"start":{"line":25,"column":45},"end":{"line":25,"column":60}},"18":{"start":{"line":26,"column":12},"end":{"line":26,"column":47}},"19":{"start":{"line":31,"column":8},"end":{"line":32,"column":76}},"20":{"start":{"line":32,"column":22},"end":{"line":32,"column":74}},"21":{"start":{"line":37,"column":23},"end":{"line":37,"column":48}},"22":{"start":{"line":39,"column":8},"end":{"line":45,"column":13}},"23":{"start":{"line":42,"column":16},"end":{"line":44,"column":56}},"24":{"start":{"line":49,"column":27},"end":{"line":49,"column":52}},"25":{"start":{"line":51,"column":12},"end":{"line":51,"column":54}},"26":{"start":{"line":51,"column":20},"end":{"line":51,"column":54}},"27":{"start":{"line":53,"column":12},"end":{"line":62,"column":18}},"28":{"start":{"line":57,"column":20},"end":{"line":60,"column":21}},"29":{"start":{"line":58,"column":24},"end":{"line":58,"column":46}},"30":{"start":{"line":59,"column":24},"end":{"line":59,"column":35}},"31":{"start":{"line":61,"column":20},"end":{"line":61,"column":54}},"32":{"start":{"line":67,"column":8},"end":{"line":80,"column":10}},"33":{"start":{"line":73,"column":12},"end":{"line":73,"column":57}},"34":{"start":{"line":73,"column":22},"end":{"line":73,"column":57}},"35":{"start":{"line":75,"column":28},"end":{"line":75,"column":78}},"36":{"start":{"line":77,"column":12},"end":{"line":79,"column":44}},"37":{"start":{"line":85,"column":8},"end":{"line":102,"column":14}},"38":{"start":{"line":89,"column":29},"end":{"line":89,"column":61}},"39":{"start":{"line":90,"column":16},"end":{"line":90,"column":71}},"40":{"start":{"line":92,"column":16},"end":{"line":101,"column":22}},"41":{"start":{"line":96,"column":28},"end":{"line":96,"column":50}},"42":{"start":{"line":97,"column":28},"end":{"line":100,"column":29}},"43":{"start":{"line":107,"column":23},"end":{"line":107,"column":48}},"44":{"start":{"line":109,"column":8},"end":{"line":115,"column":14}},"45":{"start":{"line":111,"column":16},"end":{"line":111,"column":61}},"46":{"start":{"line":111,"column":26},"end":{"line":111,"column":61}},"47":{"start":{"line":112,"column":16},"end":{"line":112,"column":75}},"48":{"start":{"line":112,"column":34},"end":{"line":112,"column":75}},"49":{"start":{"line":114,"column":16},"end":{"line":114,"column":63}},"50":{"start":{"line":114,"column":58},"end":{"line":114,"column":62}},"51":{"start":{"line":120,"column":23},"end":{"line":120,"column":48}},"52":{"start":{"line":122,"column":8},"end":{"line":212,"column":10}},"53":{"start":{"line":124,"column":12},"end":{"line":124,"column":57}},"54":{"start":{"line":124,"column":22},"end":{"line":124,"column":57}},"55":{"start":{"line":126,"column":12},"end":{"line":211,"column":53}},"56":{"start":{"line":127,"column":16},"end":{"line":170,"column":22}},"57":{"start":{"line":130,"column":24},"end":{"line":154,"column":25}},"58":{"start":{"line":132,"column":28},"end":{"line":153,"column":31}},"59":{"start":{"line":135,"column":36},"end":{"line":152,"column":37}},"60":{"start":{"line":137,"column":40},"end":{"line":151,"column":41}},"61":{"start":{"line":139,"column":44},"end":{"line":150,"column":45}},"62":{"start":{"line":141,"column":67},"end":{"line":144,"column":49}},"63":{"start":{"line":146,"column":48},"end":{"line":149,"column":54}},"64":{"start":{"line":156,"column":24},"end":{"line":156,"column":70}},"65":{"start":{"line":158,"column":24},"end":{"line":169,"column":26}},"66":{"start":{"line":167,"column":28},"end":{"line":167,"column":50}},"67":{"start":{"line":168,"column":28},"end":{"line":168,"column":40}},"68":{"start":{"line":171,"column":19},"end":{"line":211,"column":53}},"69":{"start":{"line":173,"column":16},"end":{"line":209,"column":18}},"70":{"start":{"line":176,"column":20},"end":{"line":206,"column":74}},"71":{"start":{"line":179,"column":24},"end":{"line":204,"column":25}},"72":{"start":{"line":181,"column":45},"end":{"line":181,"column":47}},"73":{"start":{"line":183,"column":28},"end":{"line":201,"column":29}},"74":{"start":{"line":185,"column":47},"end":{"line":185,"column":59}},"75":{"start":{"line":187,"column":32},"end":{"line":187,"column":60}},"76":{"start":{"line":189,"column":32},"end":{"line":200,"column":33}},"77":{"start":{"line":191,"column":36},"end":{"line":199,"column":37}},"78":{"start":{"line":192,"column":59},"end":{"line":195,"column":41}},"79":{"start":{"line":197,"column":40},"end":{"line":198,"column":79}},"80":{"start":{"line":202,"column":28},"end":{"line":203,"column":46}},"81":{"start":{"line":203,"column":41},"end":{"line":203,"column":44}},"82":{"start":{"line":206,"column":37},"end":{"line":206,"column":72}},"83":{"start":{"line":208,"column":20},"end":{"line":208,"column":41}},"84":{"start":{"line":211,"column":18},"end":{"line":211,"column":53}},"85":{"start":{"line":217,"column":23},"end":{"line":217,"column":48}},"86":{"start":{"line":219,"column":8},"end":{"line":222,"column":9}},"87":{"start":{"line":220,"column":25},"end":{"line":220,"column":57}},"88":{"start":{"line":221,"column":12},"end":{"line":221,"column":67}},"89":{"start":{"line":224,"column":8},"end":{"line":234,"column":10}},"90":{"start":{"line":226,"column":12},"end":{"line":226,"column":57}},"91":{"start":{"line":226,"column":22},"end":{"line":226,"column":57}},"92":{"start":{"line":227,"column":12},"end":{"line":233,"column":46}},"93":{"start":{"line":230,"column":24},"end":{"line":230,"column":46}},"94":{"start":{"line":231,"column":24},"end":{"line":231,"column":36}},"95":{"start":{"line":238,"column":0},"end":{"line":238,"column":30}}},"fnMap":{"0":{"name":"(anonymous_0)","decl":{"start":{"line":17,"column":4},"end":{"line":17,"column":5}},"loc":{"start":{"line":17,"column":25},"end":{"line":28,"column":5}},"line":17},"1":{"name":"(anonymous_1)","decl":{"start":{"line":21,"column":14},"end":{"line":21,"column":15}},"loc":{"start":{"line":21,"column":22},"end":{"line":27,"column":9}},"line":21},"2":{"name":"(anonymous_2)","decl":{"start":{"line":30,"column":4},"end":{"line":30,"column":5}},"loc":{"start":{"line":30,"column":15},"end":{"line":33,"column":5}},"line":30},"3":{"name":"(anonymous_3)","decl":{"start":{"line":32,"column":14},"end":{"line":32,"column":15}},"loc":{"start":{"line":32,"column":22},"end":{"line":32,"column":74}},"line":32},"4":{"name":"(anonymous_4)","decl":{"start":{"line":35,"column":4},"end":{"line":35,"column":5}},"loc":{"start":{"line":35,"column":17},"end":{"line":46,"column":5}},"line":35},"5":{"name":"(anonymous_5)","decl":{"start":{"line":41,"column":18},"end":{"line":41,"column":19}},"loc":{"start":{"line":42,"column":16},"end":{"line":44,"column":56}},"line":42},"6":{"name":"(anonymous_6)","decl":{"start":{"line":48,"column":4},"end":{"line":48,"column":5}},"loc":{"start":{"line":48,"column":18},"end":{"line":63,"column":5}},"line":48},"7":{"name":"(anonymous_7)","decl":{"start":{"line":55,"column":22},"end":{"line":55,"column":23}},"loc":{"start":{"line":55,"column":30},"end":{"line":62,"column":17}},"line":55},"8":{"name":"(anonymous_8)","decl":{"start":{"line":65,"column":4},"end":{"line":65,"column":5}},"loc":{"start":{"line":65,"column":18},"end":{"line":81,"column":5}},"line":65},"9":{"name":"(anonymous_9)","decl":{"start":{"line":71,"column":14},"end":{"line":71,"column":15}},"loc":{"start":{"line":71,"column":28},"end":{"line":80,"column":9}},"line":71},"10":{"name":"(anonymous_10)","decl":{"start":{"line":83,"column":4},"end":{"line":83,"column":5}},"loc":{"start":{"line":83,"column":26},"end":{"line":103,"column":5}},"line":83},"11":{"name":"(anonymous_11)","decl":{"start":{"line":87,"column":18},"end":{"line":87,"column":19}},"loc":{"start":{"line":87,"column":32},"end":{"line":102,"column":13}},"line":87},"12":{"name":"(anonymous_12)","decl":{"start":{"line":94,"column":30},"end":{"line":94,"column":31}},"loc":{"start":{"line":94,"column":38},"end":{"line":101,"column":21}},"line":94},"13":{"name":"(anonymous_13)","decl":{"start":{"line":105,"column":4},"end":{"line":105,"column":5}},"loc":{"start":{"line":105,"column":38},"end":{"line":116,"column":5}},"line":105},"14":{"name":"(anonymous_14)","decl":{"start":{"line":110,"column":18},"end":{"line":110,"column":19}},"loc":{"start":{"line":110,"column":26},"end":{"line":115,"column":13}},"line":110},"15":{"name":"(anonymous_15)","decl":{"start":{"line":114,"column":50},"end":{"line":114,"column":51}},"loc":{"start":{"line":114,"column":58},"end":{"line":114,"column":62}},"line":114},"16":{"name":"(anonymous_16)","decl":{"start":{"line":118,"column":4},"end":{"line":118,"column":5}},"loc":{"start":{"line":118,"column":29},"end":{"line":213,"column":5}},"line":118},"17":{"name":"(anonymous_17)","decl":{"start":{"line":123,"column":14},"end":{"line":123,"column":15}},"loc":{"start":{"line":123,"column":22},"end":{"line":212,"column":9}},"line":123},"18":{"name":"(anonymous_18)","decl":{"start":{"line":128,"column":26},"end":{"line":128,"column":27}},"loc":{"start":{"line":128,"column":39},"end":{"line":170,"column":21}},"line":128},"19":{"name":"(anonymous_19)","decl":{"start":{"line":133,"column":38},"end":{"line":133,"column":39}},"loc":{"start":{"line":133,"column":46},"end":{"line":153,"column":29}},"line":133},"20":{"name":"(anonymous_20)","decl":{"start":{"line":166,"column":30},"end":{"line":166,"column":31}},"loc":{"start":{"line":166,"column":38},"end":{"line":169,"column":25}},"line":166},"21":{"name":"(anonymous_21)","decl":{"start":{"line":174,"column":22},"end":{"line":174,"column":23}},"loc":{"start":{"line":174,"column":35},"end":{"line":209,"column":17}},"line":174},"22":{"name":"(anonymous_22)","decl":{"start":{"line":177,"column":26},"end":{"line":177,"column":27}},"loc":{"start":{"line":177,"column":36},"end":{"line":205,"column":21}},"line":177},"23":{"name":"(anonymous_23)","decl":{"start":{"line":203,"column":34},"end":{"line":203,"column":35}},"loc":{"start":{"line":203,"column":41},"end":{"line":203,"column":44}},"line":203},"24":{"name":"(anonymous_24)","decl":{"start":{"line":206,"column":26},"end":{"line":206,"column":27}},"loc":{"start":{"line":206,"column":37},"end":{"line":206,"column":72}},"line":206},"25":{"name":"(anonymous_25)","decl":{"start":{"line":215,"column":4},"end":{"line":215,"column":5}},"loc":{"start":{"line":215,"column":40},"end":{"line":235,"column":5}},"line":215},"26":{"name":"(anonymous_26)","decl":{"start":{"line":225,"column":14},"end":{"line":225,"column":15}},"loc":{"start":{"line":225,"column":22},"end":{"line":234,"column":9}},"line":225},"27":{"name":"(anonymous_27)","decl":{"start":{"line":229,"column":26},"end":{"line":229,"column":27}},"loc":{"start":{"line":229,"column":34},"end":{"line":232,"column":21}},"line":229}},"branchMap":{"0":{"loc":{"start":{"line":22,"column":12},"end":{"line":22,"column":41}},"type":"if","locations":[{"start":{"line":22,"column":12},"end":{"line":22,"column":41}},{"start":{"line":22,"column":12},"end":{"line":22,"column":41}}],"line":22},"1":{"loc":{"start":{"line":23,"column":12},"end":{"line":23,"column":47}},"type":"if","locations":[{"start":{"line":23,"column":12},"end":{"line":23,"column":47}},{"start":{"line":23,"column":12},"end":{"line":23,"column":47}}],"line":23},"2":{"loc":{"start":{"line":24,"column":12},"end":{"line":24,"column":60}},"type":"if","locations":[{"start":{"line":24,"column":12},"end":{"line":24,"column":60}},{"start":{"line":24,"column":12},"end":{"line":24,"column":60}}],"line":24},"3":{"loc":{"start":{"line":25,"column":12},"end":{"line":25,"column":60}},"type":"if","locations":[{"start":{"line":25,"column":12},"end":{"line":25,"column":60}},{"start":{"line":25,"column":12},"end":{"line":25,"column":60}}],"line":25},"4":{"loc":{"start":{"line":32,"column":22},"end":{"line":32,"column":74}},"type":"cond-expr","locations":[{"start":{"line":32,"column":37},"end":{"line":32,"column":67}},{"start":{"line":32,"column":70},"end":{"line":32,"column":74}}],"line":32},"5":{"loc":{"start":{"line":42,"column":16},"end":{"line":44,"column":56}},"type":"cond-expr","locations":[{"start":{"line":43,"column":20},"end":{"line":43,"column":47}},{"start":{"line":44,"column":24},"end":{"line":44,"column":56}}],"line":42},"6":{"loc":{"start":{"line":42,"column":17},"end":{"line":42,"column":39}},"type":"binary-expr","locations":[{"start":{"line":42,"column":17},"end":{"line":42,"column":22}},{"start":{"line":42,"column":26},"end":{"line":42,"column":39}}],"line":42},"7":{"loc":{"start":{"line":51,"column":12},"end":{"line":51,"column":54}},"type":"if","locations":[{"start":{"line":51,"column":12},"end":{"line":51,"column":54}},{"start":{"line":51,"column":12},"end":{"line":51,"column":54}}],"line":51},"8":{"loc":{"start":{"line":57,"column":20},"end":{"line":60,"column":21}},"type":"if","locations":[{"start":{"line":57,"column":20},"end":{"line":60,"column":21}},{"start":{"line":57,"column":20},"end":{"line":60,"column":21}}],"line":57},"9":{"loc":{"start":{"line":57,"column":23},"end":{"line":57,"column":46}},"type":"binary-expr","locations":[{"start":{"line":57,"column":23},"end":{"line":57,"column":27}},{"start":{"line":57,"column":31},"end":{"line":57,"column":46}}],"line":57},"10":{"loc":{"start":{"line":73,"column":12},"end":{"line":73,"column":57}},"type":"if","locations":[{"start":{"line":73,"column":12},"end":{"line":73,"column":57}},{"start":{"line":73,"column":12},"end":{"line":73,"column":57}}],"line":73},"11":{"loc":{"start":{"line":77,"column":19},"end":{"line":79,"column":43}},"type":"cond-expr","locations":[{"start":{"line":77,"column":29},"end":{"line":79,"column":13}},{"start":{"line":79,"column":16},"end":{"line":79,"column":43}}],"line":77},"12":{"loc":{"start":{"line":92,"column":23},"end":{"line":101,"column":22}},"type":"cond-expr","locations":[{"start":{"line":92,"column":43},"end":{"line":92,"column":79}},{"start":{"line":93,"column":20},"end":{"line":101,"column":22}}],"line":92},"13":{"loc":{"start":{"line":111,"column":16},"end":{"line":111,"column":61}},"type":"if","locations":[{"start":{"line":111,"column":16},"end":{"line":111,"column":61}},{"start":{"line":111,"column":16},"end":{"line":111,"column":61}}],"line":111},"14":{"loc":{"start":{"line":112,"column":16},"end":{"line":112,"column":75}},"type":"if","locations":[{"start":{"line":112,"column":16},"end":{"line":112,"column":75}},{"start":{"line":112,"column":16},"end":{"line":112,"column":75}}],"line":112},"15":{"loc":{"start":{"line":124,"column":12},"end":{"line":124,"column":57}},"type":"if","locations":[{"start":{"line":124,"column":12},"end":{"line":124,"column":57}},{"start":{"line":124,"column":12},"end":{"line":124,"column":57}}],"line":124},"16":{"loc":{"start":{"line":126,"column":12},"end":{"line":211,"column":53}},"type":"if","locations":[{"start":{"line":126,"column":12},"end":{"line":211,"column":53}},{"start":{"line":126,"column":12},"end":{"line":211,"column":53}}],"line":126},"17":{"loc":{"start":{"line":126,"column":15},"end":{"line":126,"column":46}},"type":"binary-expr","locations":[{"start":{"line":126,"column":15},"end":{"line":126,"column":29}},{"start":{"line":126,"column":33},"end":{"line":126,"column":46}}],"line":126},"18":{"loc":{"start":{"line":130,"column":24},"end":{"line":154,"column":25}},"type":"if","locations":[{"start":{"line":130,"column":24},"end":{"line":154,"column":25}},{"start":{"line":130,"column":24},"end":{"line":154,"column":25}}],"line":130},"19":{"loc":{"start":{"line":137,"column":40},"end":{"line":151,"column":41}},"type":"if","locations":[{"start":{"line":137,"column":40},"end":{"line":151,"column":41}},{"start":{"line":137,"column":40},"end":{"line":151,"column":41}}],"line":137},"20":{"loc":{"start":{"line":171,"column":19},"end":{"line":211,"column":53}},"type":"if","locations":[{"start":{"line":171,"column":19},"end":{"line":211,"column":53}},{"start":{"line":171,"column":19},"end":{"line":211,"column":53}}],"line":171},"21":{"loc":{"start":{"line":179,"column":24},"end":{"line":204,"column":25}},"type":"if","locations":[{"start":{"line":179,"column":24},"end":{"line":204,"column":25}},{"start":{"line":179,"column":24},"end":{"line":204,"column":25}}],"line":179},"22":{"loc":{"start":{"line":189,"column":32},"end":{"line":200,"column":33}},"type":"if","locations":[{"start":{"line":189,"column":32},"end":{"line":200,"column":33}},{"start":{"line":189,"column":32},"end":{"line":200,"column":33}}],"line":189},"23":{"loc":{"start":{"line":219,"column":8},"end":{"line":222,"column":9}},"type":"if","locations":[{"start":{"line":219,"column":8},"end":{"line":222,"column":9}},{"start":{"line":219,"column":8},"end":{"line":222,"column":9}}],"line":219},"24":{"loc":{"start":{"line":226,"column":12},"end":{"line":226,"column":57}},"type":"if","locations":[{"start":{"line":226,"column":12},"end":{"line":226,"column":57}},{"start":{"line":226,"column":12},"end":{"line":226,"column":57}}],"line":226},"25":{"loc":{"start":{"line":227,"column":19},"end":{"line":233,"column":45}},"type":"cond-expr","locations":[{"start":{"line":228,"column":16},"end":{"line":232,"column":22}},{"start":{"line":233,"column":18},"end":{"line":233,"column":45}}],"line":227},"26":{"loc":{"start":{"line":227,"column":20},"end":{"line":227,"column":49}},"type":"binary-expr","locations":[{"start":{"line":227,"column":20},"end":{"line":227,"column":33}},{"start":{"line":227,"column":37},"end":{"line":227,"column":49}}],"line":227}},"s":{"0":1,"1":1,"2":1,"3":1,"4":1,"5":1,"6":1,"7":1,"8":1,"9":1,"10":1,"11":0,"12":1,"13":0,"14":1,"15":1,"16":0,"17":0,"18":0,"19":0,"20":0,"21":0,"22":0,"23":0,"24":0,"25":0,"26":0,"27":0,"28":0,"29":0,"30":0,"31":0,"32":1,"33":1,"34":1,"35":0,"36":0,"37":1,"38":1,"39":1,"40":1,"41":0,"42":0,"43":0,"44":0,"45":0,"46":0,"47":0,"48":0,"49":0,"50":0,"51":0,"52":0,"53":0,"54":0,"55":0,"56":0,"57":0,"58":0,"59":0,"60":0,"61":0,"62":0,"63":0,"64":0,"65":0,"66":0,"67":0,"68":0,"69":0,"70":0,"71":0,"72":0,"73":0,"74":0,"75":0,"76":0,"77":0,"78":0,"79":0,"80":0,"81":0,"82":0,"83":0,"84":0,"85":0,"86":0,"87":0,"88":0,"89":0,"90":0,"91":0,"92":0,"93":0,"94":0,"95":1},"f":{"0":1,"1":1,"2":0,"3":0,"4":0,"5":0,"6":0,"7":0,"8":1,"9":1,"10":1,"11":1,"12":0,"13":0,"14":0,"15":0,"16":0,"17":0,"18":0,"19":0,"20":0,"21":0,"22":0,"23":0,"24":0,"25":0,"26":0,"27":0},"b":{"0":[0,1],"1":[0,1],"2":[1,0],"3":[0,0],"4":[0,0],"5":[0,0],"6":[0,0],"7":[0,0],"8":[0,0],"9":[0,0],"10":[1,0],"11":[0,0],"12":[1,0],"13":[0,0],"14":[0,0],"15":[0,0],"16":[0,0],"17":[0,0],"18":[0,0],"19":[0,0],"20":[0,0],"21":[0,0],"22":[0,0],"23":[0,0],"24":[0,0],"25":[0,0],"26":[0,0]},"_coverageSchema":"1a1c01bbd47fc00a2c39e90264f33305004495a9","hash":"7b08796a9b0f606176d7018c75c9d652cbd8d5ce"}
,"/media/pavel/A490E14090E11996/www/A-Level/diplom/server/modules/users/routes.js": {"path":"/media/pavel/A490E14090E11996/www/A-Level/diplom/server/modules/users/routes.js","statementMap":{"0":{"start":{"line":1,"column":16},"end":{"line":1,"column":34}},"1":{"start":{"line":13,"column":4},"end":{"line":13,"column":27}},"2":{"start":{"line":15,"column":20},"end":{"line":15,"column":36}},"3":{"start":{"line":17,"column":0},"end":{"line":17,"column":29}},"4":{"start":{"line":18,"column":0},"end":{"line":18,"column":38}},"5":{"start":{"line":19,"column":0},"end":{"line":19,"column":43}},"6":{"start":{"line":20,"column":0},"end":{"line":20,"column":53}},"7":{"start":{"line":21,"column":0},"end":{"line":21,"column":34}},"8":{"start":{"line":22,"column":0},"end":{"line":22,"column":36}},"9":{"start":{"line":23,"column":0},"end":{"line":23,"column":33}},"10":{"start":{"line":24,"column":0},"end":{"line":24,"column":39}},"11":{"start":{"line":25,"column":0},"end":{"line":25,"column":37}},"12":{"start":{"line":27,"column":0},"end":{"line":27,"column":29}}},"fnMap":{},"branchMap":{},"s":{"0":1,"1":1,"2":1,"3":1,"4":1,"5":1,"6":1,"7":1,"8":1,"9":1,"10":1,"11":1,"12":1},"f":{},"b":{},"_coverageSchema":"1a1c01bbd47fc00a2c39e90264f33305004495a9","hash":"f84d534c7c6dded14b39b795eed58c74e4e3064c"}
,"/media/pavel/A490E14090E11996/www/A-Level/diplom/server/modules/users/userScheme.js": {"path":"/media/pavel/A490E14090E11996/www/A-Level/diplom/server/modules/users/userScheme.js","statementMap":{"0":{"start":{"line":1,"column":17},"end":{"line":1,"column":36}},"1":{"start":{"line":2,"column":23},"end":{"line":2,"column":51}},"2":{"start":{"line":4,"column":15},"end":{"line":4,"column":30}},"3":{"start":{"line":6,"column":19},"end":{"line":21,"column":23}},"4":{"start":{"line":37,"column":13},"end":{"line":37,"column":47}},"5":{"start":{"line":39,"column":0},"end":{"line":39,"column":38}}},"fnMap":{},"branchMap":{},"s":{"0":1,"1":1,"2":1,"3":1,"4":1,"5":1},"f":{},"b":{},"_coverageSchema":"1a1c01bbd47fc00a2c39e90264f33305004495a9","hash":"49ec0d037401b8b3a2b43382f9f027117a04fffd"}
}
